2024-10-08 00:47:01,599 INFO:Starting processing for train
2024-10-08 00:47:03,280 INFO:Processed R01_006_V3_PS4.xlsx successfully.
2024-10-08 00:47:03,294 INFO:Processed R01_006_V5_PS2.xlsx successfully.
2024-10-08 00:47:04,176 INFO:Processed R01_001_V4_PS2.xlsx successfully.
2024-10-08 00:47:04,427 INFO:Processed R01_006_V2_PS3.xlsx successfully.
2024-10-08 00:47:04,490 INFO:Processed R01_017_V2_PS4.xlsx successfully.
2024-10-08 00:47:04,700 INFO:Processed R01_011_V5_PS2.xlsx successfully.
2024-10-08 00:47:04,777 INFO:Processed R01_018_V3_PS3.xlsx successfully.
2024-10-08 00:47:04,932 INFO:Processed R01_018_V2_PS2.xlsx successfully.
2024-10-08 00:47:05,230 INFO:Processed R01_005_V2_PS1.xlsx successfully.
2024-10-08 00:47:06,311 INFO:Processed R01_019_V4_PS1.xlsx successfully.
2024-10-08 00:47:06,521 INFO:Processed R01_017_V4_PS2.xlsx successfully.
2024-10-08 00:47:06,843 INFO:Processed R01_018_V4_PS4.xlsx successfully.
2024-10-08 00:47:07,052 INFO:Processed R01_005_V4_PS2.xlsx successfully.
2024-10-08 00:47:07,075 INFO:Processed R01_019_V3_PS4.xlsx successfully.
2024-10-08 00:47:07,196 INFO:Processed R01_002_V3_PS3.xlsx successfully.
2024-10-08 00:47:07,263 INFO:Processed R01_020_V3_PS1.xlsx successfully.
2024-10-08 00:47:07,309 INFO:Processed R01_020_V5_PS3.xlsx successfully.
2024-10-08 00:47:07,452 INFO:Processed R01_004_V2_PS2.xlsx successfully.
2024-10-08 00:47:07,562 INFO:Processed R01_002_V2_PS2.xlsx successfully.
2024-10-08 00:47:08,022 INFO:Processed R01_009_V2_PS2.xlsx successfully.
2024-10-08 00:47:08,459 INFO:Processed R01_023_V4_PS1.xlsx successfully.
2024-10-08 00:47:08,566 INFO:Processed R01_021_V2_PS2.xlsx successfully.
2024-10-08 00:47:08,614 INFO:Processed R01_002_V4_PS4.xlsx successfully.
2024-10-08 00:47:08,637 INFO:Processed R01_019_V2_PS3.xlsx successfully.
2024-10-08 00:47:08,751 INFO:Processed R01_022_V5_PS1.xlsx successfully.
2024-10-08 00:47:08,754 INFO:Processed R01_021_V4_PS4.xlsx successfully.
2024-10-08 00:47:08,952 INFO:Processed R01_023_V5_PS2.xlsx successfully.
2024-10-08 00:47:09,041 INFO:Processed R01_018_V5_PS1.xlsx successfully.
2024-10-08 00:47:09,171 INFO:Processed R01_023_V3_PS4.xlsx successfully.
2024-10-08 00:47:09,212 INFO:Processed R01_001_V2_PS1.xlsx successfully.
2024-10-08 00:47:09,224 INFO:Processed R01_004_V4_PS4.xlsx successfully.
2024-10-08 00:47:09,236 INFO:Processed R01_005_V5_PS3.xlsx successfully.
2024-10-08 00:47:09,403 INFO:Processed R01_007_V4_PS2.xlsx successfully.
2024-10-08 00:47:09,410 INFO:Processed R01_028_V4_PS2.xlsx successfully.
2024-10-08 00:47:09,470 INFO:Processed R01_007_V5_PS3.xlsx successfully.
2024-10-08 00:47:09,620 INFO:Processed R01_003_V4_PS1.xlsx successfully.
2024-10-08 00:47:09,768 INFO:Processed R01_009_V4_PS4.xlsx successfully.
2024-10-08 00:47:09,829 INFO:Processed R01_023_V2_PS3.xlsx successfully.
2024-10-08 00:47:09,987 INFO:Processed R01_009_V5_PS1.xlsx successfully.
2024-10-08 00:47:09,991 INFO:Processed R01_017_V5_PS3.xlsx successfully.
2024-10-08 00:47:10,010 INFO:Processed R01_030_V2_PS1.xlsx successfully.
2024-10-08 00:47:10,069 INFO:Processed R01_003_V2_PS3.xlsx successfully.
2024-10-08 00:47:10,086 INFO:Processed R01_007_V2_PS4.xlsx successfully.
2024-10-08 00:47:10,254 INFO:Processed R01_004_V5_PS1.xlsx successfully.
2024-10-08 00:47:10,601 INFO:Processed R01_035_V2_PS4.xlsx successfully.
2024-10-08 00:47:10,718 INFO:Processed R01_035_V3_PS1.xlsx successfully.
2024-10-08 00:47:11,226 INFO:Processed R01_031_V5_PS1.xlsx successfully.
2024-10-08 00:47:11,409 INFO:Processed R01_026_V3_PS3.xlsx successfully.
2024-10-08 00:47:11,432 INFO:Processed R01_031_V3_PS3.xlsx successfully.
2024-10-08 00:47:11,448 INFO:Processed R01_039_V2_PS1.xlsx successfully.
2024-10-08 00:47:11,484 INFO:Processed R01_045_V5_PS2.xlsx successfully.
2024-10-08 00:47:11,587 INFO:Processed R01_035_V5_PS3.xlsx successfully.
2024-10-08 00:47:11,635 INFO:Processed R01_028_V5_PS3.xlsx successfully.
2024-10-08 00:47:12,182 INFO:Processed R01_036_V4_PS1.xlsx successfully.
2024-10-08 00:47:12,294 INFO:Processed R01_019_V5_PS2.xlsx successfully.
2024-10-08 00:47:12,861 INFO:Processed R01_030_V5_PS3.xlsx successfully.
2024-10-08 00:47:12,985 INFO:Processed R01_039_V5_PS3.xlsx successfully.
2024-10-08 00:47:13,092 INFO:Processed R01_039_V4_PS2.xlsx successfully.
2024-10-08 00:47:13,148 INFO:Processed R01_038_V5_PS3.xlsx successfully.
2024-10-08 00:47:13,194 INFO:Processed R01_037_V3_PS4.xlsx successfully.
2024-10-08 00:47:13,247 INFO:Processed R01_038_V4_PS2.xlsx successfully.
2024-10-08 00:47:13,285 INFO:Processed R01_038_V3_PS1.xlsx successfully.
2024-10-08 00:47:13,777 INFO:Processed R01_041_V5_PS3.xlsx successfully.
2024-10-08 00:47:13,852 INFO:Processed R01_041_V3_PS4.xlsx successfully.
2024-10-08 00:47:13,902 INFO:Processed R01_049_V3_PS1.xlsx successfully.
2024-10-08 00:47:13,919 INFO:Processed R01_052_V3_PS4.xlsx successfully.
2024-10-08 00:47:13,941 INFO:Processed R01_049_V5_PS3.xlsx successfully.
2024-10-08 00:47:13,960 INFO:Processed R01_048_V5_PS1.xlsx successfully.
2024-10-08 00:47:14,030 INFO:Processed R01_047_V4_PS2.xlsx successfully.
2024-10-08 00:47:14,307 INFO:Processed R01_051_V5_PS2.xlsx successfully.
2024-10-08 00:47:14,327 INFO:Processed R01_048_V2_PS2.xlsx successfully.
2024-10-08 00:47:14,347 INFO:Processed R01_048_V4_PS4.xlsx successfully.
2024-10-08 00:47:14,524 INFO:Processed R01_038_V2_PS4.xlsx successfully.
2024-10-08 00:47:14,532 INFO:Processed R01_030_V4_PS2.xlsx successfully.
2024-10-08 00:47:14,778 INFO:Processed R01_047_V2_PS1.xlsx successfully.
2024-10-08 00:47:14,989 INFO:Processed R01_043_V4_PS1.xlsx successfully.
2024-10-08 00:47:15,061 INFO:Processed R01_043_V5_PS2.xlsx successfully.
2024-10-08 00:47:15,452 INFO:Processed R01_054_V3_PS3.xlsx successfully.
2024-10-08 00:47:15,578 INFO:Processed R01_054_V5_PS1.xlsx successfully.
2024-10-08 00:47:15,632 INFO:Processed R01_055_V3_PS1.xlsx successfully.
2024-10-08 00:47:15,681 INFO:Processed R01_037_V4_PS2.xlsx successfully.
2024-10-08 00:47:15,746 INFO:Processed R01_055_V4_PS2.xlsx successfully.
2024-10-08 00:47:15,867 INFO:Processed R01_068_V3_PS4.xlsx successfully.
2024-10-08 00:47:16,075 INFO:Processed R01_054_V4_PS4.xlsx successfully.
2024-10-08 00:47:16,158 INFO:Processed R01_057_V4_PS4.xlsx successfully.
2024-10-08 00:47:16,204 INFO:Processed R01_069_V3_PS4.xlsx successfully.
2024-10-08 00:47:16,245 INFO:Processed R01_037_V5_PS3.xlsx successfully.
2024-10-08 00:47:16,288 INFO:Processed R01_052_V4_PS2.xlsx successfully.
2024-10-08 00:47:16,332 INFO:Processed R01_055_V2_PS4.xlsx successfully.
2024-10-08 00:47:16,435 INFO:Processed R01_072_V4_PS2.xlsx successfully.
2024-10-08 00:47:16,488 INFO:Processed R01_057_V5_PS1.xlsx successfully.
2024-10-08 00:47:16,660 INFO:Processed R01_057_V3_PS3.xlsx successfully.
2024-10-08 00:47:16,668 INFO:Processed R01_040_V5_PS3.xlsx successfully.
2024-10-08 00:47:16,784 INFO:Processed R01_068_V2_PS1.xlsx successfully.
2024-10-08 00:47:17,018 INFO:Processed R01_052_V5_PS3.xlsx successfully.
2024-10-08 00:47:17,090 INFO:Processed R01_056_V4_PS2.xlsx successfully.
2024-10-08 00:47:17,300 INFO:Processed R01_040_V3_PS4.xlsx successfully.
2024-10-08 00:47:17,625 INFO:Processed R01_071_V2_PS2.xlsx successfully.
2024-10-08 00:47:17,627 INFO:Processed R01_033_V4_PS1.xlsx successfully.
2024-10-08 00:47:17,713 INFO:Processed R01_071_V4_PS4.xlsx successfully.
2024-10-08 00:47:17,929 INFO:Processed R01_076_V2_PS4.xlsx successfully.
2024-10-08 00:47:17,993 INFO:Processed R01_058_V3_PS1.xlsx successfully.
2024-10-08 00:47:18,248 INFO:Processed R01_077_V3_PS4.xlsx successfully.
2024-10-08 00:47:18,279 INFO:Processed R01_074_V3_PS1.xlsx successfully.
2024-10-08 00:47:18,285 INFO:Processed R01_074_V5_PS3.xlsx successfully.
2024-10-08 00:47:18,328 INFO:Processed R01_074_V2_PS4.xlsx successfully.
2024-10-08 00:47:18,597 INFO:Processed R01_058_V2_PS4.xlsx successfully.
2024-10-08 00:47:18,666 INFO:Processed R01_076_V3_PS1.xlsx successfully.
2024-10-08 00:47:19,082 INFO:Processed R01_071_V5_PS1.xlsx successfully.
2024-10-08 00:47:19,467 INFO:Processed R01_089_V3_PS1.xlsx successfully.
2024-10-08 00:47:19,594 INFO:Processed R01_089_V5_PS3.xlsx successfully.
2024-10-08 00:47:19,773 INFO:Processed R01_070_V4_PS1.xlsx successfully.
2024-10-08 00:47:19,989 INFO:Processed R01_036_V3_PS4.xlsx successfully.
2024-10-08 00:47:20,023 INFO:Processed R01_089_V2_PS4.xlsx successfully.
2024-10-08 00:47:20,157 INFO:Processed R01_071_V3_PS3.xlsx successfully.
2024-10-08 00:47:20,307 INFO:Processed R01_007_V3_PS1.xlsx successfully.
2024-10-08 00:47:20,337 INFO:Processed R01_083_V3_PS1.xlsx successfully.
2024-10-08 00:47:20,572 INFO:Processed R01_080_V2_PS1.xlsx successfully.
2024-10-08 00:47:20,601 INFO:Processed R01_080_V4_PS2.xlsx successfully.
2024-10-08 00:47:20,638 INFO:Processed R01_083_V2_PS4.xlsx successfully.
2024-10-08 00:47:20,843 INFO:Processed R01_070_V3_PS3.xlsx successfully.
2024-10-08 00:47:21,158 INFO:Processed R01_090_V5_PS1.xlsx successfully.
2024-10-08 00:47:21,211 INFO:Processed R01_090_V2_PS2.xlsx successfully.
2024-10-08 00:47:21,416 INFO:Processed R01_090_V3_PS3.xlsx successfully.
2024-10-08 00:47:21,608 INFO:Processed R01_090_V4_PS4.xlsx successfully.
2024-10-08 00:47:21,613 INFO:Processed R01_070_V2_PS2.xlsx successfully.
2024-10-08 00:47:21,630 INFO:Processed R01_080_V3_PS4.xlsx successfully.
2024-10-08 00:47:21,969 INFO:Processed R01_083_V4_PS2.xlsx successfully.
2024-10-08 00:47:21,983 INFO:Processed R01_052_V2_PS1.xlsx successfully.
2024-10-08 00:47:22,452 INFO:Processed R01_093_V4_PS4.xlsx successfully.
2024-10-08 00:47:22,610 INFO:Processed R01_095_V2_PS3.xlsx successfully.
2024-10-08 00:47:22,807 INFO:Processed R01_098_V5_PS2.xlsx successfully.
2024-10-08 00:47:23,174 INFO:Processed R01_075_V4_PS2.xlsx successfully.
2024-10-08 00:47:23,191 INFO:Processed R01_082_V2_PS3.xlsx successfully.
2024-10-08 00:47:23,240 INFO:Processed R01_093_V3_PS3.xlsx successfully.
2024-10-08 00:47:23,315 INFO:Processed R01_073_V2_PS3.xlsx successfully.
2024-10-08 00:47:23,415 INFO:Processed R01_073_V4_PS1.xlsx successfully.
2024-10-08 00:47:23,475 INFO:Processed R01_075_V3_PS4.xlsx successfully.
2024-10-08 00:47:23,526 INFO:Processed R01_098_V2_PS3.xlsx successfully.
2024-10-08 00:47:23,527 INFO:Processed R01_095_V4_PS1.xlsx successfully.
2024-10-08 00:47:23,592 INFO:Processed R01_072_V3_PS1.xlsx successfully.
2024-10-08 00:47:23,627 INFO:Processed R01_096_V5_PS3.xlsx successfully.
2024-10-08 00:47:23,970 INFO:Processed R01_098_V4_PS1.xlsx successfully.
2024-10-08 00:47:24,363 INFO:Processed R01_078_V5_PS1.xlsx successfully.
2024-10-08 00:47:24,512 INFO:Processed R01_078_V3_PS3.xlsx successfully.
2024-10-08 00:47:24,557 INFO:Processed R01_093_V2_PS2.xlsx successfully.
2024-10-08 00:47:24,834 INFO:Processed R01_101_V4_PS4.xlsx successfully.
2024-10-08 00:47:24,882 INFO:Processed R01_081_V2_PS3.xlsx successfully.
2024-10-08 00:47:24,921 INFO:Processed R01_096_V3_PS1.xlsx successfully.
2024-10-08 00:47:25,385 INFO:Processed R01_084_V4_PS2.xlsx successfully.
2024-10-08 00:47:25,397 INFO:Processed R01_101_V5_PS1.xlsx successfully.
2024-10-08 00:47:26,586 INFO:Processed R01_084_V5_PS3.xlsx successfully.
2024-10-08 00:47:27,046 INFO:Processed R01_107_V2_PS2.xlsx successfully.
2024-10-08 00:47:27,084 INFO:Processed R01_107_V4_PS4.xlsx successfully.
2024-10-08 00:47:27,301 INFO:Processed R01_103_V3_PS4.xlsx successfully.
2024-10-08 00:47:27,554 INFO:Processed R01_106_V5_PS2.xlsx successfully.
2024-10-08 00:47:27,561 INFO:Processed R01_094_V4_PS2.xlsx successfully.
2024-10-08 00:47:27,593 INFO:Processed R01_111_V5_PS2.xlsx successfully.
2024-10-08 00:47:27,665 INFO:Processed R01_107_V3_PS3.xlsx successfully.
2024-10-08 00:47:27,695 INFO:Processed R01_111_V2_PS3.xlsx successfully.
2024-10-08 00:47:27,761 INFO:Processed R01_094_V2_PS1.xlsx successfully.
2024-10-08 00:47:27,868 INFO:Processed R01_094_V5_PS3.xlsx successfully.
2024-10-08 00:47:28,170 INFO:Processed R01_109_V5_PS1.xlsx successfully.
2024-10-08 00:47:28,507 INFO:Processed R01_111_V3_PS4.xlsx successfully.
2024-10-08 00:47:29,005 INFO:Processed R01_106_V2_PS3.xlsx successfully.
2024-10-08 00:47:29,204 INFO:Processed R01_101_V3_PS3.xlsx successfully.
2024-10-08 00:47:29,349 INFO:Processed R01_103_V2_PS1.xlsx successfully.
2024-10-08 00:47:29,365 INFO:Processed R01_104_V3_PS4.xlsx successfully.
2024-10-08 00:47:29,563 INFO:Processed R01_104_V4_PS2.xlsx successfully.
2024-10-08 00:47:29,943 INFO:Processed R01_106_V4_PS1.xlsx successfully.
2024-10-08 00:47:30,055 INFO:Processed R01_105_V5_PS3.xlsx successfully.
2024-10-08 00:47:30,121 INFO:Processed R01_114_V3_PS1.xlsx successfully.
2024-10-08 00:47:30,272 INFO:Processed R01_104_V5_PS3.xlsx successfully.
2024-10-08 00:47:30,366 INFO:Processed R01_114_V5_PS4.xlsx successfully.
2024-10-08 00:47:30,509 INFO:Processed R01_105_V3_PS1.xlsx successfully.
2024-10-08 00:47:31,044 INFO:Processed R01_112_V5_PS3.xlsx successfully.
2024-10-08 00:47:31,192 INFO:Processed R01_109_V2_PS2.xlsx successfully.
2024-10-08 00:47:31,261 INFO:Processed R01_109_V4_PS4.xlsx successfully.
2024-10-08 00:47:31,328 INFO:Processed R01_113_V2_PS1.xlsx successfully.
2024-10-08 00:47:31,403 INFO:Processed R01_112_V3_PS1.xlsx successfully.
2024-10-08 00:47:31,500 INFO:Processed R01_105_V2_PS4.xlsx successfully.
2024-10-08 00:47:32,282 INFO:Processed R01_110_V2_PS2.xlsx successfully.
2024-10-08 00:47:32,350 INFO:Processed R01_110_V4_PS3.xlsx successfully.
2024-10-08 00:47:32,671 INFO:Processed R01_120_V5_PS3.xlsx successfully.
2024-10-08 00:47:33,235 INFO:Processed R01_110_V3_PS1.xlsx successfully.
2024-10-08 00:47:33,364 INFO:Processed R01_120_V3_PS4.xlsx successfully.
2024-10-08 00:47:33,475 INFO:Processed R01_120_V4_PS2.xlsx successfully.
2024-10-08 00:47:33,683 INFO:Processed R01_115_V2_PS3.xlsx successfully.
2024-10-08 00:47:34,061 INFO:Processed R01_117_V3_PS3.xlsx successfully.
2024-10-08 00:47:34,137 INFO:Processed R01_122_V2_PS3.xlsx successfully.
2024-10-08 00:47:34,336 INFO:Processed R01_113_V4_PS2.xlsx successfully.
2024-10-08 00:47:34,515 INFO:Processed R01_124_V5_PS3.xlsx successfully.
2024-10-08 00:47:34,763 INFO:Processed R01_117_V4_PS4.xlsx successfully.
2024-10-08 00:47:34,790 INFO:Processed R01_115_V4_PS1.xlsx successfully.
2024-10-08 00:47:35,063 INFO:Processed R01_116_V3_PS4.xlsx successfully.
2024-10-08 00:47:35,121 INFO:Processed R01_116_V2_PS3.xlsx successfully.
2024-10-08 00:47:35,129 INFO:Processed R01_121_V4_PS4.xlsx successfully.
2024-10-08 00:47:35,243 INFO:Processed R01_122_V4_PS1.xlsx successfully.
2024-10-08 00:47:35,272 INFO:Processed R01_122_V3_PS4.xlsx successfully.
2024-10-08 00:47:35,764 INFO:Processed R01_125_V3_PS1.xlsx successfully.
2024-10-08 00:47:35,820 INFO:Processed R01_118_V2_PS1.xlsx successfully.
2024-10-08 00:47:35,888 INFO:Processed R01_117_V5_PS1.xlsx successfully.
2024-10-08 00:47:35,929 INFO:Processed R01_125_V2_PS2.xlsx successfully.
2024-10-08 00:47:36,142 INFO:Processed R01_118_V3_PS4.xlsx successfully.
2024-10-08 00:47:36,338 INFO:Processed R01_126_V3_PS1.xlsx successfully.
2024-10-08 00:47:36,393 INFO:Processed R01_127_V5_PS4.xlsx successfully.
2024-10-08 00:47:36,412 INFO:Processed R01_124_V2_PS4.xlsx successfully.
2024-10-08 00:47:36,591 INFO:Processed R01_119_V4_PS2.xlsx successfully.
2024-10-08 00:47:36,604 INFO:Processed R01_125_V4_PS3.xlsx successfully.
2024-10-08 00:47:36,641 INFO:Processed R01_118_V4_PS2.xlsx successfully.
2024-10-08 00:47:36,685 INFO:Processed R01_119_V5_PS3.xlsx successfully.
2024-10-08 00:47:36,825 INFO:Processed R01_119_V2_PS4.xlsx successfully.
2024-10-08 00:47:37,096 INFO:Processed R01_126_V4_PS3.xlsx successfully.
2024-10-08 00:47:37,132 INFO:Processed R01_127_V4_PS1.xlsx successfully.
2024-10-08 00:47:37,142 INFO:Processed R01_119_V3_PS1.xlsx successfully.
2024-10-08 00:47:37,153 INFO:Processed R01_126_V2_PS2.xlsx successfully.
2024-10-08 00:47:37,213 INFO:Processed R01_121_V5_PS1.xlsx successfully.
2024-10-08 00:47:37,259 INFO:Processed R01_127_V2_PS3.xlsx successfully.
2024-10-08 00:47:37,267 INFO:Processed R01_128_V2_PS3.xlsx successfully.
2024-10-08 00:47:37,349 INFO:Processed R01_128_V5_PS4.xlsx successfully.
2024-10-08 00:47:37,434 INFO:Processed R01_128_V3_PS2.xlsx successfully.
2024-10-08 00:47:37,571 INFO:Processed R01_121_V3_PS3.xlsx successfully.
2024-10-08 00:47:37,885 INFO:Processed R01_121_V2_PS2.xlsx successfully.
2024-10-08 00:47:38,176 INFO:Processed R01_129_V2_PS2.xlsx successfully.
2024-10-08 00:47:38,294 INFO:Processed R01_129_V3_PS1.xlsx successfully.
2024-10-08 00:47:38,873 INFO:Processed R01_132_V2_PS2.xlsx successfully.
2024-10-08 00:47:38,919 INFO:Processed R01_129_V4_PS3.xlsx successfully.
2024-10-08 00:47:38,935 INFO:Processed R01_123_V2_PS4.xlsx successfully.
2024-10-08 00:47:39,072 INFO:Processed R01_129_V5_PS4.xlsx successfully.
2024-10-08 00:47:39,234 INFO:Processed R01_131_V4_PS1.xlsx successfully.
2024-10-08 00:47:39,254 INFO:Processed R01_133_V3_PS2.xlsx successfully.
2024-10-08 00:47:39,299 INFO:Processed R01_123_V3_PS1.xlsx successfully.
2024-10-08 00:47:39,380 INFO:Processed R01_132_V3_PS3.xlsx successfully.
2024-10-08 00:47:39,409 INFO:Processed R01_131_V3_PS2.xlsx successfully.
2024-10-08 00:47:39,466 INFO:Processed R01_133_V5_PS1.xlsx successfully.
2024-10-08 00:47:39,773 INFO:Processed R01_131_V5_PS4.xlsx successfully.
2024-10-08 00:47:39,808 INFO:Processed R01_126_V5_PS4.xlsx successfully.
2024-10-08 00:47:39,850 INFO:Processed R01_124_V4_PS2.xlsx successfully.
2024-10-08 00:47:43,454 INFO:Processed R01_130_V2_PS2.xlsx successfully.
2024-10-08 00:47:43,867 INFO:Processed R01_130_V3_PS1.xlsx successfully.
2024-10-08 00:47:43,934 INFO:Processed R01_132_V5_PS1.xlsx successfully.
2024-10-08 00:47:48,358 INFO:Processed R01_133_V4_PS4.xlsx successfully.
2024-10-08 00:47:48,379 INFO:Completed processing for train
2024-10-08 00:47:48,379 INFO:Starting processing for test
2024-10-08 00:47:49,515 INFO:Processed R01_045_V4_PS1.xlsx successfully.
2024-10-08 00:47:49,665 INFO:Processed R01_045_V3_PS4.xlsx successfully.
2024-10-08 00:47:50,762 INFO:Processed R01_020_V4_PS2.xlsx successfully.
2024-10-08 00:47:50,827 INFO:Processed R01_026_V5_PS1.xlsx successfully.
2024-10-08 00:47:51,071 INFO:Processed R01_028_V2_PS1.xlsx successfully.
2024-10-08 00:47:51,083 INFO:Processed R01_054_V2_PS2.xlsx successfully.
2024-10-08 00:47:51,197 INFO:Processed R01_035_V4_PS2.xlsx successfully.
2024-10-08 00:47:51,213 INFO:Processed R01_068_V4_PS2.xlsx successfully.
2024-10-08 00:47:51,311 INFO:Processed R01_021_V5_PS1.xlsx successfully.
2024-10-08 00:47:51,352 INFO:Processed R01_026_V2_PS2.xlsx successfully.
2024-10-08 00:47:51,482 INFO:Processed R01_011_V3_PS4.xlsx successfully.
2024-10-08 00:47:51,491 INFO:Processed R01_069_V5_PS3.xlsx successfully.
2024-10-08 00:47:51,623 INFO:Processed R01_026_V4_PS4.xlsx successfully.
2024-10-08 00:47:51,716 INFO:Processed R01_048_V3_PS3.xlsx successfully.
2024-10-08 00:47:51,786 INFO:Processed R01_049_V2_PS4.xlsx successfully.
2024-10-08 00:47:51,869 INFO:Processed R01_039_V3_PS4.xlsx successfully.
2024-10-08 00:47:52,065 INFO:Processed R01_028_V3_PS4.xlsx successfully.
2024-10-08 00:47:52,288 INFO:Processed R01_056_V5_PS3.xlsx successfully.
2024-10-08 00:47:52,321 INFO:Processed R01_021_V3_PS3.xlsx successfully.
2024-10-08 00:47:52,525 INFO:Processed R01_022_V2_PS2.xlsx successfully.
2024-10-08 00:47:52,911 INFO:Processed R01_083_V5_PS3.xlsx successfully.
2024-10-08 00:47:53,198 INFO:Processed R01_124_V3_PS1.xlsx successfully.
2024-10-08 00:47:53,208 INFO:Processed R01_080_V5_PS3.xlsx successfully.
2024-10-08 00:47:53,548 INFO:Processed R01_005_V3_PS4.xlsx successfully.
2024-10-08 00:47:53,675 INFO:Processed R01_040_V4_PS2.xlsx successfully.
2024-10-08 00:47:53,928 INFO:Processed R01_011_V2_PS3.xlsx successfully.
2024-10-08 00:47:54,614 INFO:Processed R01_107_V5_PS1.xlsx successfully.
2024-10-08 00:47:54,736 INFO:Processed R01_075_V2_PS1.xlsx successfully.
2024-10-08 00:47:54,779 INFO:Processed R01_127_V3_PS2.xlsx successfully.
2024-10-08 00:47:54,962 INFO:Processed R01_103_V5_PS3.xlsx successfully.
2024-10-08 00:47:55,097 INFO:Processed R01_114_V4_PS3.xlsx successfully.
2024-10-08 00:47:55,123 INFO:Processed R01_004_V3_PS3.xlsx successfully.
2024-10-08 00:47:55,184 INFO:Processed R01_095_V3_PS4.xlsx successfully.
2024-10-08 00:47:55,266 INFO:Processed R01_131_V2_PS3.xlsx successfully.
2024-10-08 00:47:55,607 INFO:Processed R01_096_V4_PS2.xlsx successfully.
2024-10-08 00:47:56,165 INFO:Processed R01_043_V3_PS4.xlsx successfully.
2024-10-08 00:47:56,930 INFO:Processed R01_075_V5_PS3.xlsx successfully.
2024-10-08 00:47:57,331 INFO:Processed R01_020_V2_PS4.xlsx successfully.
2024-10-08 00:47:57,515 INFO:Processed R01_058_V5_PS3.xlsx successfully.
2024-10-08 00:47:58,681 INFO:Processed R01_116_V5_PS2.xlsx successfully.
2024-10-08 00:47:58,698 INFO:Processed R01_106_V3_PS4.xlsx successfully.
2024-10-08 00:47:58,943 INFO:Processed R01_117_V2_PS2.xlsx successfully.
2024-10-08 00:47:58,975 INFO:Processed R01_118_V5_PS3.xlsx successfully.
2024-10-08 00:47:59,022 INFO:Processed R01_115_V5_PS2.xlsx successfully.
2024-10-08 00:47:59,340 INFO:Processed R01_109_V3_PS3.xlsx successfully.
2024-10-08 00:47:59,408 INFO:Processed R01_033_V2_PS3.xlsx successfully.
2024-10-08 00:47:59,419 INFO:Processed R01_123_V5_PS3.xlsx successfully.
2024-10-08 00:47:59,527 INFO:Processed R01_123_V4_PS2.xlsx successfully.
2024-10-08 00:47:59,657 INFO:Processed R01_130_V4_PS3.xlsx successfully.
2024-10-08 00:48:00,302 INFO:Processed R01_132_V4_PS4.xlsx successfully.
2024-10-08 00:48:01,778 INFO:Processed R01_073_V3_PS4.xlsx successfully.
2024-10-08 00:48:01,801 INFO:Completed processing for test
2024-10-08 00:48:01,801 INFO:Starting processing for val
2024-10-08 00:48:03,705 INFO:Processed R01_069_V2_PS1.xlsx successfully.
2024-10-08 00:48:03,722 INFO:Processed R01_045_V2_PS3.xlsx successfully.
2024-10-08 00:48:03,917 INFO:Processed R01_077_V2_PS3.xlsx successfully.
2024-10-08 00:48:03,965 INFO:Processed R01_074_V4_PS2.xlsx successfully.
2024-10-08 00:48:03,999 INFO:Processed R01_006_V4_PS1.xlsx successfully.
2024-10-08 00:48:04,188 INFO:Processed R01_068_V5_PS3.xlsx successfully.
2024-10-08 00:48:04,833 INFO:Processed R01_051_V3_PS4.xlsx successfully.
2024-10-08 00:48:04,852 INFO:Processed R01_049_V4_PS2.xlsx successfully.
2024-10-08 00:48:05,006 INFO:Processed R01_069_V5_PS2.xlsx successfully.
2024-10-08 00:48:05,070 INFO:Processed R01_033_V5_PS2.xlsx successfully.
2024-10-08 00:48:05,201 INFO:Processed R01_089_V4_PS2.xlsx successfully.
2024-10-08 00:48:05,214 INFO:Processed R01_051_V4_PS1.xlsx successfully.
2024-10-08 00:48:05,287 INFO:Processed R01_047_V3_PS4.xlsx successfully.
2024-10-08 00:48:05,303 INFO:Processed R01_011_V4_PS1.xlsx successfully.
2024-10-08 00:48:05,350 INFO:Processed R01_022_V3_PS3.xlsx successfully.
2024-10-08 00:48:05,458 INFO:Processed R01_077_V5_PS2.xlsx successfully.
2024-10-08 00:48:05,500 INFO:Processed R01_055_V5_PS3.xlsx successfully.
2024-10-08 00:48:05,754 INFO:Processed R01_073_V5_PS2.xlsx successfully.
2024-10-08 00:48:05,920 INFO:Processed R01_056_V3_PS1.xlsx successfully.
2024-10-08 00:48:06,021 INFO:Processed R01_057_V2_PS2.xlsx successfully.
2024-10-08 00:48:06,072 INFO:Processed R01_031_V2_PS2.xlsx successfully.
2024-10-08 00:48:06,175 INFO:Processed R01_037_V2_PS1.xlsx successfully.
2024-10-08 00:48:06,264 INFO:Processed R01_058_V4_PS2.xlsx successfully.
2024-10-08 00:48:06,306 INFO:Processed R01_017_V3_PS1.xlsx successfully.
2024-10-08 00:48:06,320 INFO:Processed R01_002_V5_PS1.xlsx successfully.
2024-10-08 00:48:06,421 INFO:Processed R01_093_V5_PS1.xlsx successfully.
2024-10-08 00:48:06,597 INFO:Processed R01_036_V5_PS2.xlsx successfully.
2024-10-08 00:48:07,270 INFO:Processed R01_041_V4_PS2.xlsx successfully.
2024-10-08 00:48:07,918 INFO:Processed R01_111_V4_PS1.xlsx successfully.
2024-10-08 00:48:08,746 INFO:Processed R01_114_V2_PS2.xlsx successfully.
2024-10-08 00:48:08,901 INFO:Processed R01_030_V3_PS4.xlsx successfully.
2024-10-08 00:48:09,062 INFO:Processed R01_120_V2_PS1.xlsx successfully.
2024-10-08 00:48:09,068 INFO:Processed R01_128_V4_PS1.xlsx successfully.
2024-10-08 00:48:09,118 INFO:Processed R01_125_V5_PS4.xlsx successfully.
2024-10-08 00:48:09,687 INFO:Processed R01_040_V2_PS1.xlsx successfully.
2024-10-08 00:48:09,722 INFO:Processed R01_033_V3_PS4.xlsx successfully.
2024-10-08 00:48:09,995 INFO:Processed R01_036_V2_PS3.xlsx successfully.
2024-10-08 00:48:10,145 INFO:Processed R01_133_V2_PS3.xlsx successfully.
2024-10-08 00:48:10,149 INFO:Processed R01_112_V4_PS2.xlsx successfully.
2024-10-08 00:48:10,512 INFO:Processed R01_078_V2_PS2.xlsx successfully.
2024-10-08 00:48:10,799 INFO:Processed R01_122_V5_PS2.xlsx successfully.
2024-10-08 00:48:11,363 INFO:Processed R01_130_V5_PS4.xlsx successfully.
2024-10-08 00:48:11,537 INFO:Processed R01_084_V2_PS1.xlsx successfully.
2024-10-08 00:48:11,674 INFO:Processed R01_084_V3_PS4.xlsx successfully.
2024-10-08 00:48:12,167 INFO:Processed R01_110_V5_PS4.xlsx successfully.
2024-10-08 00:48:12,474 INFO:Processed R01_104_V2_PS1.xlsx successfully.
2024-10-08 00:48:12,477 INFO:Processed R01_113_V3_PS4.xlsx successfully.
2024-10-08 00:48:12,680 INFO:Processed R01_113_V5_PS3.xlsx successfully.
2024-10-08 00:48:12,847 INFO:Processed R01_115_V3_PS4.xlsx successfully.
2024-10-08 00:48:12,940 INFO:Processed R01_116_V4_PS1.xlsx successfully.
2024-10-08 00:48:13,125 INFO:Processed R01_096_V2_PS4.xlsx successfully.
2024-10-08 00:48:14,029 INFO:Processed R01_003_V3_PS4.xlsx successfully.
2024-10-08 00:48:14,047 INFO:Completed processing for val
